<?xml version="1.0" encoding="UTF-8"?>
<!-- Generated by org.testng.reporters.JUnitXMLReporter -->
<testsuite ignored="0" hostname="asustuff15" failures="0" tests="4" name="Default test" time="0.126" errors="0" timestamp="2026-04-16T15:38:49 IST">
  <testcase classname="seleniumtestng.DemoTest" name="f" time="0.022"/>
  <testcase classname="seleniumtestng.DemoTest" name="A" time="0.001"/>
  <testcase classname="seleniumtestng.DemoTest" name="C" time="0.002"/>
  <testcase classname="seleniumtestng.DemoTest" name="B" time="0.001"/>
</testsuite> <!-- Default test -->
