<?xml version="1.0" encoding="UTF-8"?>
<!-- Generated by org.testng.reporters.JUnitReportReporter -->
<testsuite hostname="asustuff15" failures="0" tests="4" name="seleniumtestng.DemoTest" time="0.031" errors="0" timestamp="2026-04-16T15:38:49 IST" skipped="0">
  <testcase classname="seleniumtestng.DemoTest" name="C" time="0.002"/>
  <testcase classname="seleniumtestng.DemoTest" name="f" time="0.024"/>
  <testcase classname="seleniumtestng.DemoTest" name="A" time="0.002"/>
  <testcase classname="seleniumtestng.DemoTest" name="B" time="0.003"/>
</testsuite> <!-- seleniumtestng.DemoTest -->
