<?xml version="1.0" encoding="UTF-8"?>
<testng-results ignored="0" total="4" passed="4" failed="0" skipped="0">
  <reporter-output>
  </reporter-output>
  <suite started-at="2026-04-16T15:38:48 IST" name="Default suite" finished-at="2026-04-16T15:38:49 IST" duration-ms="126">
    <groups>
    </groups>
    <test started-at="2026-04-16T15:38:48 IST" name="Default test" finished-at="2026-04-16T15:38:49 IST" duration-ms="126">
      <class name="seleniumtestng.DemoTest">
        <test-method is-config="true" signature="beforesuite()[pri:0, instance:seleniumtestng.DemoTest@3eb738bb]" started-at="2026-04-16T15:38:48 IST" name="beforesuite" finished-at="2026-04-16T15:38:48 IST" duration-ms="13" status="PASS">
          <reporter-output>
          </reporter-output>
        </test-method> <!-- beforesuite -->
        <test-method is-config="true" signature="beforetest()[pri:0, instance:seleniumtestng.DemoTest@3eb738bb]" started-at="2026-04-16T15:38:48 IST" name="beforetest" finished-at="2026-04-16T15:38:48 IST" duration-ms="0" status="PASS">
          <reporter-output>
          </reporter-output>
        </test-method> <!-- beforetest -->
        <test-method is-config="true" signature="beforemethod()[pri:0, instance:seleniumtestng.DemoTest@3eb738bb]" started-at="2026-04-16T15:38:49 IST" name="beforemethod" finished-at="2026-04-16T15:38:49 IST" duration-ms="0" status="PASS">
          <reporter-output>
          </reporter-output>
        </test-method> <!-- beforemethod -->
        <test-method signature="f()[pri:0, instance:seleniumtestng.DemoTest@3eb738bb]" started-at="2026-04-16T15:38:49 IST" name="f" finished-at="2026-04-16T15:38:49 IST" duration-ms="22" status="PASS">
          <reporter-output>
          </reporter-output>
        </test-method> <!-- f -->
        <test-method is-config="true" signature="aftermethod()[pri:0, instance:seleniumtestng.DemoTest@3eb738bb]" started-at="2026-04-16T15:38:49 IST" name="aftermethod" finished-at="2026-04-16T15:38:49 IST" duration-ms="0" status="PASS">
          <reporter-output>
          </reporter-output>
        </test-method> <!-- aftermethod -->
        <test-method is-config="true" signature="beforemethod()[pri:0, instance:seleniumtestng.DemoTest@3eb738bb]" started-at="2026-04-16T15:38:49 IST" name="beforemethod" finished-at="2026-04-16T15:38:49 IST" duration-ms="1" status="PASS">
          <reporter-output>
          </reporter-output>
        </test-method> <!-- beforemethod -->
        <test-method signature="A()[pri:1, instance:seleniumtestng.DemoTest@3eb738bb]" started-at="2026-04-16T15:38:49 IST" name="A" finished-at="2026-04-16T15:38:49 IST" duration-ms="1" status="PASS">
          <reporter-output>
          </reporter-output>
        </test-method> <!-- A -->
        <test-method is-config="true" signature="aftermethod()[pri:0, instance:seleniumtestng.DemoTest@3eb738bb]" started-at="2026-04-16T15:38:49 IST" name="aftermethod" finished-at="2026-04-16T15:38:49 IST" duration-ms="1" status="PASS">
          <reporter-output>
          </reporter-output>
        </test-method> <!-- aftermethod -->
        <test-method is-config="true" signature="beforemethod()[pri:0, instance:seleniumtestng.DemoTest@3eb738bb]" started-at="2026-04-16T15:38:49 IST" name="beforemethod" finished-at="2026-04-16T15:38:49 IST" duration-ms="1" status="PASS">
          <reporter-output>
          </reporter-output>
        </test-method> <!-- beforemethod -->
        <test-method signature="C()[pri:0, instance:seleniumtestng.DemoTest@3eb738bb]" started-at="2026-04-16T15:38:49 IST" name="C" finished-at="2026-04-16T15:38:49 IST" depends-on-methods="seleniumtestng.DemoTest.A" duration-ms="2" status="PASS">
          <reporter-output>
          </reporter-output>
        </test-method> <!-- C -->
        <test-method is-config="true" signature="aftermethod()[pri:0, instance:seleniumtestng.DemoTest@3eb738bb]" started-at="2026-04-16T15:38:49 IST" name="aftermethod" finished-at="2026-04-16T15:38:49 IST" duration-ms="1" status="PASS">
          <reporter-output>
          </reporter-output>
        </test-method> <!-- aftermethod -->
        <test-method is-config="true" signature="beforemethod()[pri:0, instance:seleniumtestng.DemoTest@3eb738bb]" started-at="2026-04-16T15:38:49 IST" name="beforemethod" finished-at="2026-04-16T15:38:49 IST" duration-ms="1" status="PASS">
          <reporter-output>
          </reporter-output>
        </test-method> <!-- beforemethod -->
        <test-method signature="B()[pri:1, instance:seleniumtestng.DemoTest@3eb738bb]" started-at="2026-04-16T15:38:49 IST" name="B" finished-at="2026-04-16T15:38:49 IST" duration-ms="1" status="PASS">
          <reporter-output>
          </reporter-output>
        </test-method> <!-- B -->
        <test-method is-config="true" signature="aftermethod()[pri:0, instance:seleniumtestng.DemoTest@3eb738bb]" started-at="2026-04-16T15:38:49 IST" name="aftermethod" finished-at="2026-04-16T15:38:49 IST" duration-ms="0" status="PASS">
          <reporter-output>
          </reporter-output>
        </test-method> <!-- aftermethod -->
        <test-method is-config="true" signature="aftertest()[pri:0, instance:seleniumtestng.DemoTest@3eb738bb]" started-at="2026-04-16T15:38:49 IST" name="aftertest" finished-at="2026-04-16T15:38:49 IST" duration-ms="1" status="PASS">
          <reporter-output>
          </reporter-output>
        </test-method> <!-- aftertest -->
        <test-method is-config="true" signature="aftersuite()[pri:0, instance:seleniumtestng.DemoTest@3eb738bb]" started-at="2026-04-16T15:38:49 IST" name="aftersuite" finished-at="2026-04-16T15:38:49 IST" duration-ms="1" status="PASS">
          <reporter-output>
          </reporter-output>
        </test-method> <!-- aftersuite -->
      </class> <!-- seleniumtestng.DemoTest -->
    </test> <!-- Default test -->
  </suite> <!-- Default suite -->
</testng-results>
